2021-10-29 19:08:37,826 INFO o.a.j.u.JMeterUtils: Setting Locale to en_EN
2021-10-29 19:08:37,854 INFO o.a.j.JMeter: Loading user properties from: user.properties
2021-10-29 19:08:37,854 INFO o.a.j.JMeter: Loading system properties from: system.properties
2021-10-29 19:08:37,863 INFO o.a.j.JMeter: Copyright (c) 1998-2021 The Apache Software Foundation
2021-10-29 19:08:37,863 INFO o.a.j.JMeter: Version 5.4.1
2021-10-29 19:08:37,863 INFO o.a.j.JMeter: java.version=11.0.9.1
2021-10-29 19:08:37,863 INFO o.a.j.JMeter: java.vm.name=OpenJDK 64-Bit Server VM
2021-10-29 19:08:37,863 INFO o.a.j.JMeter: os.name=Windows 10
2021-10-29 19:08:37,863 INFO o.a.j.JMeter: os.arch=amd64
2021-10-29 19:08:37,863 INFO o.a.j.JMeter: os.version=10.0
2021-10-29 19:08:37,863 INFO o.a.j.JMeter: file.encoding=Cp1252
2021-10-29 19:08:37,864 INFO o.a.j.JMeter: java.awt.headless=true
2021-10-29 19:08:37,864 INFO o.a.j.JMeter: Max memory     =1073741824
2021-10-29 19:08:37,864 INFO o.a.j.JMeter: Available Processors =8
2021-10-29 19:08:37,875 INFO o.a.j.JMeter: Default Locale=English (EN)
2021-10-29 19:08:37,876 INFO o.a.j.JMeter: JMeter  Locale=English (EN)
2021-10-29 19:08:37,876 INFO o.a.j.JMeter: JMeterHome=C:\Users\benja\Downloads\apache-jmeter-5.4.1
2021-10-29 19:08:37,876 INFO o.a.j.JMeter: user.dir  =C:\Users\benja\Downloads\apache-jmeter-5.4.1\bin
2021-10-29 19:08:37,877 INFO o.a.j.JMeter: PWD       =C:\Users\benja\Downloads\apache-jmeter-5.4.1\bin
2021-10-29 19:08:37,878 INFO o.a.j.JMeter: IP: 192.168.10.1 Name: LAPTOP-9HBP340A FullName: LAPTOP-9HBP340A
2021-10-29 19:08:37,884 ERROR o.a.j.JMeter: An error occurred: 
java.lang.IllegalArgumentException: Cannot write to 'C:\Users\benja\Downloads\apache-jmeter-5.4.1\bin\examples\html_report' as folder is not empty
	at org.apache.jorphan.util.JOrphanUtils.canSafelyWriteToFolder(JOrphanUtils.java:663) ~[jorphan.jar:5.4.1]
	at org.apache.jorphan.util.JOrphanUtils.canSafelyWriteToFolder(JOrphanUtils.java:619) ~[jorphan.jar:5.4.1]
	at org.apache.jmeter.JMeter.extractAndSetReportOutputFolder(JMeter.java:609) ~[ApacheJMeter_core.jar:5.4.1]
	at org.apache.jmeter.JMeter.start(JMeter.java:563) [ApacheJMeter_core.jar:5.4.1]
	at jdk.internal.reflect.NativeMethodAccessorImpl.invoke0(Native Method) ~[?:?]
	at jdk.internal.reflect.NativeMethodAccessorImpl.invoke(NativeMethodAccessorImpl.java:62) ~[?:?]
	at jdk.internal.reflect.DelegatingMethodAccessorImpl.invoke(DelegatingMethodAccessorImpl.java:43) ~[?:?]
	at java.lang.reflect.Method.invoke(Method.java:566) ~[?:?]
	at org.apache.jmeter.NewDriver.main(NewDriver.java:254) [ApacheJMeter.jar:5.4.1]
